SF:lib\models\album.dart
DA:11,1
DA:13,1
DA:14,1
DA:15,1
DA:16,1
DA:17,1
LF:6
LH:6
end_of_record
SF:lib\models\artist.dart
DA:9,1
DA:11,1
DA:12,2
LF:3
LH:3
end_of_record
SF:lib\models\song.dart
DA:17,7
DA:27,1
DA:28,1
DA:29,1
DA:30,1
DA:31,1
DA:32,1
DA:33,1
DA:34,1
DA:35,1
DA:39,1
DA:40,1
DA:41,1
DA:42,1
DA:43,1
DA:44,1
DA:45,1
DA:46,1
DA:47,1
LF:19
LH:19
end_of_record
SF:lib\database_service\song_service.dart
DA:16,0
DA:17,0
DA:18,0
DA:21,0
DA:22,0
DA:23,0
DA:24,0
DA:25,0
DA:26,0
DA:31,0
DA:32,0
DA:33,0
DA:36,0
DA:37,0
DA:38,0
DA:39,0
DA:40,0
DA:41,0
DA:46,0
DA:47,0
DA:48,0
DA:49,0
DA:50,0
DA:51,0
LF:24
LH:0
end_of_record
SF:lib\ui\pages\artists_page\artist_page_bloc.dart
DA:21,0
DA:25,0
DA:26,0
DA:27,0
DA:28,0
DA:31,0
DA:32,0
DA:35,0
DA:36,0
DA:37,0
DA:40,0
DA:41,0
DA:42,0
LF:13
LH:0
end_of_record
SF:lib\ui\pages\base_page\base_page_bloc.dart
DA:18,1
DA:19,4
DA:20,1
DA:21,5
DA:23,1
DA:24,2
DA:26,1
DA:27,2
DA:29,1
DA:33,1
DA:34,2
DA:35,2
LF:12
LH:12
end_of_record
SF:lib\ui\pages\player_page\player_page_bloc.dart
DA:17,2
DA:19,2
DA:23,1
DA:24,4
DA:25,1
DA:26,3
DA:27,2
DA:29,2
DA:30,2
DA:32,1
DA:33,2
DA:38,1
DA:39,2
DA:40,2
DA:41,2
LF:15
LH:15
end_of_record
SF:lib\ui\pages\songs_page\songs_page_bloc.dart
DA:21,2
DA:25,1
DA:26,4
DA:27,1
DA:28,1
DA:31,2
DA:32,2
DA:35,1
DA:37,2
DA:38,1
DA:42,1
DA:43,2
DA:46,1
DA:47,2
DA:50,1
DA:51,2
DA:52,2
DA:55,1
DA:56,2
DA:57,2
LF:20
LH:20
end_of_record
SF:lib\utils\locator.dart
DA:16,15
DA:18,0
DA:19,0
DA:20,0
DA:21,0
DA:22,0
DA:23,0
DA:24,0
DA:25,0
DA:26,0
LF:10
LH:1
end_of_record
SF:lib\utils\events\events.dart
DA:13,3
DA:17,4
DA:21,1
DA:25,3
DA:29,0
DA:33,1
LF:6
LH:5
end_of_record
SF:lib\utils\events\global_event_bus.dart
DA:15,8
DA:16,4
DA:18,6
DA:20,12
LF:4
LH:4
end_of_record
SF:lib\database_service\database_service.dart
DA:12,0
DA:13,0
DA:14,0
DA:15,0
DA:16,0
DA:17,0
DA:22,0
LF:7
LH:0
end_of_record
SF:lib\utils\add_music.dart
DA:19,0
DA:20,0
DA:21,0
DA:23,0
DA:24,0
DA:25,0
DA:26,0
DA:27,0
DA:28,0
DA:29,0
DA:30,0
DA:31,0
DA:33,0
DA:34,0
DA:39,0
LF:15
LH:0
end_of_record
SF:lib\ui\pages\base_page\base_page.dart
DA:14,1
DA:16,1
DA:17,1
DA:24,1
DA:26,1
DA:27,2
DA:30,1
DA:32,1
DA:33,1
DA:34,1
DA:35,1
DA:37,1
DA:38,1
DA:39,1
DA:40,1
DA:41,1
DA:42,1
DA:44,1
DA:45,1
DA:48,2
DA:49,1
DA:57,1
DA:59,1
DA:60,2
LF:24
LH:24
end_of_record
SF:lib\ui\pages\songs_page\songs_page.dart
DA:12,2
DA:14,2
DA:15,2
DA:21,2
DA:23,2
DA:24,4
DA:27,2
DA:29,2
DA:30,2
DA:31,4
DA:32,2
DA:33,2
DA:34,2
DA:35,2
DA:37,1
DA:38,1
DA:39,1
DA:40,1
DA:41,3
DA:42,3
DA:43,1
DA:44,4
DA:46,1
DA:47,3
DA:57,2
DA:59,2
DA:60,4
LF:27
LH:27
end_of_record
SF:lib\ui\dialogs\song_import_type.dart
DA:11,0
DA:13,0
DA:14,0
DA:20,0
DA:22,0
DA:25,0
DA:27,0
DA:28,0
DA:29,0
DA:31,0
DA:33,0
DA:35,0
DA:36,0
DA:37,0
DA:38,0
DA:39,0
DA:40,0
DA:43,0
DA:44,0
DA:45,0
DA:46,0
DA:47,0
LF:22
LH:0
end_of_record
SF:lib\ui\pages\albums_page\albums_page.dart
DA:9,1
DA:11,1
DA:12,1
DA:16,1
DA:18,1
LF:5
LH:5
end_of_record
SF:lib\ui\pages\artists_page\artists_page.dart
DA:13,1
DA:15,1
DA:16,1
DA:22,1
DA:24,1
DA:25,2
DA:28,1
DA:30,1
DA:31,2
DA:32,1
DA:33,1
DA:35,1
DA:39,1
DA:40,1
DA:44,0
DA:45,0
DA:46,0
DA:47,0
DA:48,0
LF:19
LH:14
end_of_record
SF:lib\ui\pages\base_page\bottom_nav_bar_items.dart
DA:11,3
DA:12,2
DA:13,2
DA:14,2
DA:17,3
DA:18,1
DA:19,1
LF:7
LH:7
end_of_record
SF:lib\ui\sheets\settings_sheet.dart
DA:10,1
DA:12,1
DA:13,1
DA:17,1
DA:19,1
DA:22,1
DA:24,1
DA:25,1
DA:26,2
DA:27,1
DA:29,1
DA:31,1
DA:32,1
DA:33,1
DA:34,1
DA:35,0
DA:36,0
DA:38,0
DA:39,0
DA:44,1
DA:45,1
DA:46,1
DA:48,1
DA:49,1
DA:50,1
LF:25
LH:21
end_of_record
SF:lib\ui\pages\music_page\music_page.dart
DA:13,1
DA:15,1
DA:16,1
DA:28,1
DA:30,1
DA:31,1
DA:32,1
DA:33,1
DA:34,1
DA:35,1
DA:36,1
DA:37,1
DA:38,1
DA:39,1
DA:40,0
DA:41,0
DA:42,0
DA:46,1
DA:47,1
DA:48,0
DA:49,0
DA:50,0
DA:54,1
DA:55,1
DA:56,0
DA:57,0
DA:58,0
DA:62,1
DA:63,1
DA:64,0
DA:65,0
DA:66,0
DA:73,1
DA:74,1
DA:75,1
DA:76,1
LF:36
LH:24
end_of_record
SF:lib\ui\pages\player_page\player_page.dart
DA:15,2
DA:17,2
DA:18,2
DA:25,2
DA:27,2
DA:28,6
DA:29,4
DA:32,2
DA:34,2
DA:35,2
DA:37,2
DA:39,2
DA:40,2
DA:41,2
DA:42,2
DA:43,2
DA:45,6
DA:50,2
DA:52,2
DA:53,2
DA:54,2
DA:55,4
DA:56,2
DA:57,2
DA:58,2
DA:59,2
DA:60,2
DA:61,2
DA:62,4
DA:63,2
DA:66,4
DA:71,2
DA:73,2
DA:74,4
DA:75,2
DA:76,0
DA:77,2
DA:79,2
DA:80,4
DA:82,2
DA:83,2
DA:84,2
DA:85,2
DA:86,1
DA:88,2
DA:89,2
DA:92,1
DA:93,2
DA:96,2
DA:97,0
DA:98,2
DA:100,4
DA:111,2
DA:113,2
DA:114,4
LF:55
LH:53
end_of_record
SF:lib\ui\pages\playlists_page\playlists_page.dart
DA:9,1
DA:11,1
DA:12,1
DA:16,1
DA:18,1
LF:5
LH:5
end_of_record
SF:lib\utils\device_info.dart
DA:10,2
DA:12,0
DA:13,0
DA:16,2
DA:17,8
LF:5
LH:3
end_of_record
